<?xml version="1.0" encoding="UTF-8"?>
<!-- Generated by org.testng.reporters.JUnitReportReporter -->
<testsuite hostname="DESKTOP-UFKSKVF" failures="0" tests="5" name="com.tests.FreeChartTest" time="19.778" errors="0" timestamp="12 Aug 2022 07:23:54 GMT" skipped="4">
  <testcase classname="com.tests.FreeChartTest" name="freeChartCloseWindow" time="19.778"/>
  <testcase classname="com.tests.FreeChartTest" name="freeChartReset">
    <skipped/>
  </testcase> <!-- freeChartReset -->
  <testcase classname="com.tests.FreeChartTest" name="freeChartSavePDF">
    <skipped/>
  </testcase> <!-- freeChartSavePDF -->
  <testcase classname="com.tests.FreeChartTest" name="freeChartCreationVerificationBySelectingVal">
    <skipped/>
  </testcase> <!-- freeChartCreationVerificationBySelectingVal -->
  <testcase classname="com.tests.FreeChartTest" name="freeChartCreationByEnteringText">
    <skipped/>
  </testcase> <!-- freeChartCreationByEnteringText -->
</testsuite> <!-- com.tests.FreeChartTest -->
