<?xml version="1.0" encoding="UTF-8"?>
<!-- Generated by org.testng.reporters.JUnitReportReporter -->
<testsuite hostname="DESKTOP-1GGKMTQ" failures="0" tests="7" name="com.tests.SignInTest" time="58.868" errors="0" timestamp="2023-01-11T13:13:11 IST" skipped="6">
  <testcase classname="com.tests.SignInTest" name="verifySignOut" time="58.868"/>
  <system-out/>
  <testcase classname="com.tests.SignInTest" name="signInVerification">
    <skipped/>
  </testcase> <!-- signInVerification -->
  <system-out/>
  <testcase classname="com.tests.SignInTest" name="verifySignInTwitterId">
    <skipped/>
  </testcase> <!-- verifySignInTwitterId -->
  <system-out/>
  <testcase classname="com.tests.SignInTest" name="verifyCancelBtn">
    <skipped/>
  </testcase> <!-- verifyCancelBtn -->
  <system-out/>
  <testcase classname="com.tests.SignInTest" name="verifySignInAppleId">
    <skipped/>
  </testcase> <!-- verifySignInAppleId -->
  <system-out/>
  <testcase classname="com.tests.SignInTest" name="verifySignInGoogleId">
    <skipped/>
  </testcase> <!-- verifySignInGoogleId -->
  <system-out/>
  <testcase classname="com.tests.SignInTest" name="verifySignInFaceBookId">
    <skipped/>
  </testcase> <!-- verifySignInFaceBookId -->
  <system-out/>
</testsuite> <!-- com.tests.SignInTest -->
