<?xml version="1.0" encoding="UTF-8"?>
<!-- Generated by org.testng.reporters.JUnitReportReporter -->
<testsuite hostname="DESKTOP-1GGKMTQ" failures="0" tests="8" name="com.tests.RegisterTest" time="33.313" errors="0" timestamp="2023-01-14T12:24:29 IST" skipped="7">
  <testcase classname="com.tests.RegisterTest" name="verifySignInTwitterId" time="33.313"/>
  <system-out/>
  <testcase classname="com.tests.RegisterTest" name="verifySignInGoogleId">
    <skipped/>
  </testcase> <!-- verifySignInGoogleId -->
  <system-out/>
  <testcase classname="com.tests.RegisterTest" name="verifyRegisterSignInPg">
    <skipped/>
  </testcase> <!-- verifyRegisterSignInPg -->
  <system-out/>
  <testcase classname="com.tests.RegisterTest" name="registerWindowClosing">
    <skipped/>
  </testcase> <!-- registerWindowClosing -->
  <system-out/>
  <testcase classname="com.tests.RegisterTest" name="signInVerification">
    <skipped/>
  </testcase> <!-- signInVerification -->
  <system-out/>
  <testcase classname="com.tests.RegisterTest" name="verifySignInAppleId">
    <skipped/>
  </testcase> <!-- verifySignInAppleId -->
  <system-out/>
  <testcase classname="com.tests.RegisterTest" name="verifySignInFaceBookId">
    <skipped/>
  </testcase> <!-- verifySignInFaceBookId -->
  <system-out/>
  <testcase classname="com.tests.RegisterTest" name="verifyRegisterRegisterNowBtn">
    <skipped/>
  </testcase> <!-- verifyRegisterRegisterNowBtn -->
  <system-out/>
</testsuite> <!-- com.tests.RegisterTest -->
