<?xml version="1.0" encoding="UTF-8"?>
<!-- Generated by org.testng.reporters.JUnitReportReporter -->
<testsuite hostname="DESKTOP-1GGKMTQ" failures="0" tests="9" name="com.tests.RegisterTest" time="100.053" errors="0" timestamp="2023-03-22T12:57:35 IST" skipped="8">
  <testcase classname="com.tests.RegisterTest" name="signInVerification" time="100.053"/>
  <system-out/>
  <testcase classname="com.tests.RegisterTest" name="verifySignInTwitterId">
    <skipped/>
  </testcase> <!-- verifySignInTwitterId -->
  <system-out/>
  <testcase classname="com.tests.RegisterTest" name="verifySignInGoogleId">
    <skipped/>
  </testcase> <!-- verifySignInGoogleId -->
  <system-out/>
  <testcase classname="com.tests.RegisterTest" name="verifyRegisterSignInPg">
    <skipped/>
  </testcase> <!-- verifyRegisterSignInPg -->
  <system-out/>
  <testcase classname="com.tests.RegisterTest" name="registerWindowClosing">
    <skipped/>
  </testcase> <!-- registerWindowClosing -->
  <system-out/>
  <testcase classname="com.tests.RegisterTest" name="verifyRegisterTermsCondition">
    <skipped/>
  </testcase> <!-- verifyRegisterTermsCondition -->
  <system-out/>
  <testcase classname="com.tests.RegisterTest" name="verifySignInFaceBookId">
    <skipped/>
  </testcase> <!-- verifySignInFaceBookId -->
  <system-out/>
  <testcase classname="com.tests.RegisterTest" name="verifySignInAppleId">
    <skipped/>
  </testcase> <!-- verifySignInAppleId -->
  <system-out/>
  <testcase classname="com.tests.RegisterTest" name="verifyRegisterRegisterNowBtn">
    <skipped/>
  </testcase> <!-- verifyRegisterRegisterNowBtn -->
  <system-out/>
</testsuite> <!-- com.tests.RegisterTest -->
